<?xml version="1.0" encoding="UTF-8"?>
<coverage generated="1534172528733" clover="3.2.0">
  <project timestamp="1534172528733" name="All files">
    <metrics statements="26" coveredstatements="10" conditionals="8" coveredconditionals="4" methods="12" coveredmethods="4" elements="46" coveredelements="18" complexity="0" loc="26" ncloc="26" packages="1" files="2" classes="2">
      <file name="formats.js" path="/Users/amavridis/currency-input/src/formats.js">
        <metrics statements="1" coveredstatements="1" conditionals="0" coveredconditionals="0" methods="0" coveredmethods="0"/>
        <line num="1" count="1" type="stmt"/>
      </file>
      <file name="index.js" path="/Users/amavridis/currency-input/src/index.js">
        <metrics statements="25" coveredstatements="9" conditionals="8" coveredconditionals="4" methods="12" coveredmethods="4"/>
        <line num="7" count="0" type="stmt"/>
        <line num="35" count="3" type="stmt"/>
        <line num="36" count="3" type="stmt"/>
        <line num="37" count="3" type="stmt"/>
        <line num="38" count="3" type="stmt"/>
        <line num="40" count="3" type="stmt"/>
        <line num="49" count="3" type="cond" truecount="4" falsecount="0"/>
        <line num="50" count="2" type="stmt"/>
        <line num="57" count="0" type="stmt"/>
        <line num="58" count="0" type="stmt"/>
        <line num="62" count="0" type="stmt"/>
        <line num="66" count="0" type="stmt"/>
        <line num="67" count="0" type="stmt"/>
        <line num="74" count="0" type="stmt"/>
        <line num="75" count="0" type="stmt"/>
        <line num="80" count="0" type="stmt"/>
        <line num="85" count="0" type="stmt"/>
        <line num="86" count="0" type="stmt"/>
        <line num="92" count="0" type="stmt"/>
        <line num="93" count="0" type="cond" truecount="0" falsecount="4"/>
        <line num="94" count="0" type="stmt"/>
        <line num="95" count="0" type="stmt"/>
        <line num="99" count="0" type="stmt"/>
        <line num="106" count="5" type="stmt"/>
        <line num="110" count="5" type="stmt"/>
      </file>
    </metrics>
  </project>
</coverage>
