{"/Users/amavridis/currency-input/src/formats.js": {"path":"/Users/amavridis/currency-input/src/formats.js","statementMap":{"0":{"start":{"line":1,"column":16},"end":{"line":20,"column":1}}},"fnMap":{},"branchMap":{},"s":{"0":1},"f":{},"b":{},"_coverageSchema":"332fd63041d2c1bcb487cc26dd0d5f7d97098a6c","hash":"4b42f3c9986c8efc7fbd71da351a955a212b60c5"}
,"/Users/amavridis/currency-input/src/index.js": {"path":"/Users/amavridis/currency-input/src/index.js","statementMap":{"0":{"start":{"line":7,"column":20},"end":{"line":7,"column":24}},"1":{"start":{"line":35,"column":4},"end":{"line":35,"column":17}},"2":{"start":{"line":36,"column":4},"end":{"line":36,"column":53}},"3":{"start":{"line":37,"column":4},"end":{"line":37,"column":49}},"4":{"start":{"line":38,"column":4},"end":{"line":38,"column":57}},"5":{"start":{"line":40,"column":4},"end":{"line":45,"column":14}},"6":{"start":{"line":49,"column":4},"end":{"line":53,"column":5}},"7":{"start":{"line":50,"column":6},"end":{"line":52,"column":9}},"8":{"start":{"line":57,"column":29},"end":{"line":57,"column":68}},"9":{"start":{"line":58,"column":4},"end":{"line":58,"column":41}},"10":{"start":{"line":62,"column":4},"end":{"line":62,"column":47}},"11":{"start":{"line":66,"column":31},"end":{"line":66,"column":70}},"12":{"start":{"line":67,"column":4},"end":{"line":70,"column":17}},"13":{"start":{"line":74,"column":4},"end":{"line":74,"column":27}},"14":{"start":{"line":75,"column":4},"end":{"line":81,"column":6}},"15":{"start":{"line":80,"column":12},"end":{"line":80,"column":57}},"16":{"start":{"line":85,"column":4},"end":{"line":85,"column":27}},"17":{"start":{"line":86,"column":4},"end":{"line":88,"column":7}},"18":{"start":{"line":92,"column":22},"end":{"line":92,"column":24}},"19":{"start":{"line":93,"column":4},"end":{"line":102,"column":5}},"20":{"start":{"line":94,"column":6},"end":{"line":94,"column":29}},"21":{"start":{"line":95,"column":6},"end":{"line":97,"column":9}},"22":{"start":{"line":99,"column":6},"end":{"line":101,"column":9}},"23":{"start":{"line":106,"column":4},"end":{"line":106,"column":34}},"24":{"start":{"line":110,"column":4},"end":{"line":117,"column":6}}},"fnMap":{"0":{"name":"(anonymous_0)","decl":{"start":{"line":7,"column":14},"end":{"line":7,"column":15}},"loc":{"start":{"line":7,"column":20},"end":{"line":7,"column":24}},"line":7},"1":{"name":"(anonymous_1)","decl":{"start":{"line":34,"column":2},"end":{"line":34,"column":3}},"loc":{"start":{"line":34,"column":21},"end":{"line":46,"column":3}},"line":34},"2":{"name":"(anonymous_2)","decl":{"start":{"line":48,"column":2},"end":{"line":48,"column":3}},"loc":{"start":{"line":48,"column":22},"end":{"line":54,"column":3}},"line":48},"3":{"name":"(anonymous_3)","decl":{"start":{"line":56,"column":2},"end":{"line":56,"column":3}},"loc":{"start":{"line":56,"column":22},"end":{"line":59,"column":3}},"line":56},"4":{"name":"(anonymous_4)","decl":{"start":{"line":61,"column":2},"end":{"line":61,"column":3}},"loc":{"start":{"line":61,"column":22},"end":{"line":63,"column":3}},"line":61},"5":{"name":"(anonymous_5)","decl":{"start":{"line":65,"column":2},"end":{"line":65,"column":3}},"loc":{"start":{"line":65,"column":18},"end":{"line":71,"column":3}},"line":65},"6":{"name":"(anonymous_6)","decl":{"start":{"line":73,"column":2},"end":{"line":73,"column":3}},"loc":{"start":{"line":73,"column":22},"end":{"line":82,"column":3}},"line":73},"7":{"name":"(anonymous_7)","decl":{"start":{"line":80,"column":6},"end":{"line":80,"column":7}},"loc":{"start":{"line":80,"column":12},"end":{"line":80,"column":57}},"line":80},"8":{"name":"(anonymous_8)","decl":{"start":{"line":84,"column":2},"end":{"line":84,"column":3}},"loc":{"start":{"line":84,"column":20},"end":{"line":89,"column":3}},"line":84},"9":{"name":"(anonymous_9)","decl":{"start":{"line":91,"column":2},"end":{"line":91,"column":3}},"loc":{"start":{"line":91,"column":24},"end":{"line":103,"column":3}},"line":91},"10":{"name":"(anonymous_10)","decl":{"start":{"line":105,"column":2},"end":{"line":105,"column":3}},"loc":{"start":{"line":105,"column":19},"end":{"line":107,"column":3}},"line":105},"11":{"name":"(anonymous_11)","decl":{"start":{"line":109,"column":2},"end":{"line":109,"column":3}},"loc":{"start":{"line":109,"column":11},"end":{"line":118,"column":3}},"line":109}},"branchMap":{"0":{"loc":{"start":{"line":49,"column":4},"end":{"line":53,"column":5}},"type":"if","locations":[{"start":{"line":49,"column":4},"end":{"line":53,"column":5}},{"start":{"line":49,"column":4},"end":{"line":53,"column":5}}],"line":49},"1":{"loc":{"start":{"line":49,"column":8},"end":{"line":49,"column":81}},"type":"binary-expr","locations":[{"start":{"line":49,"column":8},"end":{"line":49,"column":40}},{"start":{"line":49,"column":44},"end":{"line":49,"column":81}}],"line":49},"2":{"loc":{"start":{"line":93,"column":4},"end":{"line":102,"column":5}},"type":"if","locations":[{"start":{"line":93,"column":4},"end":{"line":102,"column":5}},{"start":{"line":93,"column":4},"end":{"line":102,"column":5}}],"line":93},"3":{"loc":{"start":{"line":93,"column":8},"end":{"line":93,"column":61}},"type":"binary-expr","locations":[{"start":{"line":93,"column":8},"end":{"line":93,"column":33}},{"start":{"line":93,"column":37},"end":{"line":93,"column":61}}],"line":93}},"s":{"0":0,"1":3,"2":3,"3":3,"4":3,"5":3,"6":3,"7":2,"8":0,"9":0,"10":0,"11":0,"12":0,"13":0,"14":0,"15":0,"16":0,"17":0,"18":0,"19":0,"20":0,"21":0,"22":0,"23":5,"24":5},"f":{"0":0,"1":3,"2":3,"3":0,"4":0,"5":0,"6":0,"7":0,"8":0,"9":0,"10":5,"11":5},"b":{"0":[2,1],"1":[3,3],"2":[0,0],"3":[0,0]},"_coverageSchema":"332fd63041d2c1bcb487cc26dd0d5f7d97098a6c","hash":"1457f025cc9ba8c574b7c8ad67ef39b4e4294a79"}
}
