TN:
SF:/Users/amavridis/currency-input/src/formats.js
FNF:0
FNH:0
DA:1,1
LF:1
LH:1
BRF:0
BRH:0
end_of_record
TN:
SF:/Users/amavridis/currency-input/src/index.js
FN:7,(anonymous_0)
FN:34,(anonymous_1)
FN:48,(anonymous_2)
FN:56,(anonymous_3)
FN:61,(anonymous_4)
FN:65,(anonymous_5)
FN:73,(anonymous_6)
FN:80,(anonymous_7)
FN:84,(anonymous_8)
FN:91,(anonymous_9)
FN:105,(anonymous_10)
FN:109,(anonymous_11)
FNF:12
FNH:4
FNDA:0,(anonymous_0)
FNDA:3,(anonymous_1)
FNDA:3,(anonymous_2)
FNDA:0,(anonymous_3)
FNDA:0,(anonymous_4)
FNDA:0,(anonymous_5)
FNDA:0,(anonymous_6)
FNDA:0,(anonymous_7)
FNDA:0,(anonymous_8)
FNDA:0,(anonymous_9)
FNDA:5,(anonymous_10)
FNDA:5,(anonymous_11)
DA:7,0
DA:35,3
DA:36,3
DA:37,3
DA:38,3
DA:40,3
DA:49,3
DA:50,2
DA:57,0
DA:58,0
DA:62,0
DA:66,0
DA:67,0
DA:74,0
DA:75,0
DA:80,0
DA:85,0
DA:86,0
DA:92,0
DA:93,0
DA:94,0
DA:95,0
DA:99,0
DA:106,5
DA:110,5
LF:25
LH:9
BRDA:49,0,0,2
BRDA:49,0,1,1
BRDA:49,1,0,3
BRDA:49,1,1,3
BRDA:93,2,0,0
BRDA:93,2,1,0
BRDA:93,3,0,0
BRDA:93,3,1,0
BRF:8
BRH:4
end_of_record
